[08/22/2022 11:50:56] Debug: Session id: 0a7b1d70-05d0-4b8f-bdc5-0436ebdc018e
[08/22/2022 11:50:56] Debug: Code Processor information: Name :SnowConvert, Version: 7.11.81.0
[08/22/2022 11:50:57] Debug: Getting license
[08/22/2022 11:50:57] Debug: License information
	Status: Failed
	Message: No active license available.
[08/22/2022 11:50:57] Info: Starting to validate parameters
[08/22/2022 11:50:57] Info: Parameters to validate: 
	Execution mode: Conversion
	LICENSE_KEY: a3372138-b87e-4a08-b929-3b48b24c63f1
[08/22/2022 11:50:57] Info: Validation of parameters: Success
[08/22/2022 11:50:57] Debug: Getting code descriptor
[08/22/2022 11:50:57] Debug: Code descriptor information
	Units: 51
	Units type: LOC
	All file bytes: 2141
	All found extensions: .sql,.dml,.ddl,.bteq,.btq,.fl,.fload,.ml,.mload,.mld,.tp,.tpump,.tpt
[08/22/2022 11:50:57] Debug: Calculating fingerprint
[08/22/2022 11:50:57] Debug: Fingerprint information Fingerprint(size=2141,projects=1)
[08/22/2022 11:50:57] Info: Starting to try to validate online license for execution
[08/22/2022 11:50:58] Debug: Getting license
[08/22/2022 11:50:58] Debug: License information
	Status: Failed
	Message: No active license available.
[08/22/2022 11:50:58] Debug: Starting the execution of the controller
[08/22/2022 11:50:59] Debug: Executing the worker: SnowConvert
[08/22/2022 11:51:11] Debug: Finished executing the worker: SnowConvert
[08/22/2022 11:51:13] Info: Controller execution ended
